SF:/Users/samirangharami/workspace/js/practice/web/src/request_handler.js
FN:1,createResponse
FN:4,fetchResponse
FN:17,createRequestHandler
FN:20,extractPath
FN:22,handleRequest
FNDA:5,createResponse
FNDA:5,fetchResponse
FNDA:5,createRequestHandler
FNDA:5,extractPath
FNDA:5,handleRequest
FNF:5
FNH:5
BRDA:24,6,0,4
BRDA:27,6,1,1
BRF:2
BRH:2
DA:1,1
DA:2,1
DA:3,1
DA:4,1
DA:5,6
DA:6,6
DA:7,1
DA:8,1
DA:9,1
DA:10,1
DA:11,1
DA:12,1
DA:13,1
DA:14,1
DA:15,1
DA:16,1
DA:17,1
DA:18,1
DA:19,1
DA:20,1
DA:21,1
DA:22,1
DA:23,6
DA:24,6
DA:25,10
DA:26,10
DA:27,10
DA:28,1
DA:29,7
DA:30,1
DA:31,1
LH:31
LF:31
end_of_record
